<?xml version="1.0" encoding="UTF-8"?>
<testsuite xmlns:xsi="http://www.w3.org/2001/XMLSchema-instance" xsi:noNamespaceSchemaLocation="https://maven.apache.org/surefire/maven-surefire-plugin/xsd/surefire-test-report-3.0.xsd" version="3.0" name="eu.jpereira.trainings.designpatterns.behavioral.iterator.service.DBServerInstanceServiceTest" time="0.001" tests="5" errors="0" skipped="0" failures="0">
  <properties>
[...]
</properties>
  <testcase name="testServerStatusUnknow" classname="eu.jpereira.trainings.designpatterns.behavioral.iterator.service.DBServerInstanceServiceTest" time="0.0"/>
  <testcase name="testStartServerInstance" classname="eu.jpereira.trainings.designpatterns.behavioral.iterator.service.DBServerInstanceServiceTest" time="0.0"/>
  <testcase name="testStopServerInstance" classname="eu.jpereira.trainings.designpatterns.behavioral.iterator.service.DBServerInstanceServiceTest" time="0.0"/>
  <testcase name="testStartAllInstances" classname="eu.jpereira.trainings.designpatterns.behavioral.iterator.service.DBServerInstanceServiceTest" time="0.0"/>
  <testcase name="testStopAllInstances" classname="eu.jpereira.trainings.designpatterns.behavioral.iterator.service.DBServerInstanceServiceTest" time="0.0"/>
</testsuite>